<?xml version="1.0" encoding="UTF-8"?>
<testsuite xmlns:xsi="http://www.w3.org/2001/XMLSchema-instance" xsi:noNamespaceSchemaLocation="https://maven.apache.org/surefire/maven-surefire-plugin/xsd/surefire-test-report.xsd" name="com.ua.glebkorobov.AppTest" time="3.714" tests="13" errors="0" skipped="0" failures="0">
  <properties>
[...]
</properties>
  <testcase name="shouldAnswerWithTrue" classname="com.ua.glebkorobov.AppTest" time="2.997"/>
  <testcase name="floatMultiplicationTable" classname="com.ua.glebkorobov.AppTest" time="0.293"/>
  <testcase name="byteFormatCheck" classname="com.ua.glebkorobov.AppTest" time="0.081"/>
  <testcase name="doubleMultiplicationTable" classname="com.ua.glebkorobov.AppTest" time="0.002"/>
  <testcase name="integerFormatCheck" classname="com.ua.glebkorobov.AppTest" time="0.04"/>
  <testcase name="byteMultiplicationTable" classname="com.ua.glebkorobov.AppTest" time="0.002"/>
  <testcase name="checkForExceptionWrongFormatForFigures" classname="com.ua.glebkorobov.AppTest" time="0.002"/>
  <testcase name="longFormatCheck" classname="com.ua.glebkorobov.AppTest" time="0.017"/>
  <testcase name="doubleFormatCheck" classname="com.ua.glebkorobov.AppTest" time="0.016"/>
  <testcase name="longMultiplicationTable" classname="com.ua.glebkorobov.AppTest" time="0.002"/>
  <testcase name="integerMultiplicationTable" classname="com.ua.glebkorobov.AppTest" time="0.002"/>
  <testcase name="floatFormatCheck" classname="com.ua.glebkorobov.AppTest" time="0.015"/>
  <testcase name="checkForExceptionWrongFormat" classname="com.ua.glebkorobov.AppTest" time="0.001"/>
</testsuite>